{"/home/woomin/pro/facebook/api/index.js": {"path":"/home/woomin/pro/facebook/api/index.js","statementMap":{"0":{"start":{"line":1,"column":16},"end":{"line":1,"column":34}},"1":{"start":{"line":2,"column":15},"end":{"line":2,"column":52}},"2":{"start":{"line":3,"column":11},"end":{"line":3,"column":39}},"3":{"start":{"line":4,"column":16},"end":{"line":4,"column":42}},"4":{"start":{"line":5,"column":19},"end":{"line":5,"column":48}},"5":{"start":{"line":6,"column":13},"end":{"line":6,"column":28}},"6":{"start":{"line":7,"column":11},"end":{"line":7,"column":36}},"7":{"start":{"line":9,"column":12},"end":{"line":9,"column":21}},"8":{"start":{"line":10,"column":13},"end":{"line":10,"column":17}},"9":{"start":{"line":11,"column":19},"end":{"line":11,"column":23}},"10":{"start":{"line":13,"column":0},"end":{"line":13,"column":3}},"11":{"start":{"line":15,"column":0},"end":{"line":15,"column":24}},"12":{"start":{"line":16,"column":0},"end":{"line":16,"column":70}},"13":{"start":{"line":17,"column":0},"end":{"line":17,"column":22}},"14":{"start":{"line":18,"column":0},"end":{"line":23,"column":4}},"15":{"start":{"line":26,"column":0},"end":{"line":32,"column":3}},"16":{"start":{"line":27,"column":2},"end":{"line":31,"column":5}},"17":{"start":{"line":28,"column":46},"end":{"line":28,"column":49}},"18":{"start":{"line":30,"column":4},"end":{"line":30,"column":59}},"19":{"start":{"line":34,"column":0},"end":{"line":34,"column":47}},"20":{"start":{"line":35,"column":0},"end":{"line":35,"column":49}},"21":{"start":{"line":36,"column":0},"end":{"line":36,"column":47}},"22":{"start":{"line":37,"column":0},"end":{"line":37,"column":49}},"23":{"start":{"line":38,"column":0},"end":{"line":38,"column":45}},"24":{"start":{"line":39,"column":0},"end":{"line":39,"column":49}},"25":{"start":{"line":40,"column":0},"end":{"line":40,"column":45}},"26":{"start":{"line":41,"column":0},"end":{"line":41,"column":51}},"27":{"start":{"line":42,"column":0},"end":{"line":42,"column":61}},"28":{"start":{"line":43,"column":0},"end":{"line":43,"column":43}},"29":{"start":{"line":44,"column":0},"end":{"line":44,"column":57}},"30":{"start":{"line":46,"column":0},"end":{"line":54,"column":1}},"31":{"start":{"line":47,"column":2},"end":{"line":49,"column":5}},"32":{"start":{"line":48,"column":4},"end":{"line":48,"column":58}},"33":{"start":{"line":51,"column":2},"end":{"line":53,"column":5}},"34":{"start":{"line":52,"column":4},"end":{"line":52,"column":63}},"35":{"start":{"line":56,"column":0},"end":{"line":56,"column":21}}},"fnMap":{"0":{"name":"(anonymous_0)","decl":{"start":{"line":26,"column":20},"end":{"line":26,"column":21}},"loc":{"start":{"line":26,"column":32},"end":{"line":32,"column":1}},"line":26},"1":{"name":"(anonymous_1)","decl":{"start":{"line":27,"column":28},"end":{"line":27,"column":29}},"loc":{"start":{"line":27,"column":41},"end":{"line":31,"column":3}},"line":27},"2":{"name":"(anonymous_2)","decl":{"start":{"line":47,"column":19},"end":{"line":47,"column":20}},"loc":{"start":{"line":47,"column":25},"end":{"line":49,"column":3}},"line":47},"3":{"name":"(anonymous_3)","decl":{"start":{"line":51,"column":28},"end":{"line":51,"column":29}},"loc":{"start":{"line":51,"column":34},"end":{"line":53,"column":3}},"line":51}},"branchMap":{"0":{"loc":{"start":{"line":46,"column":0},"end":{"line":54,"column":1}},"type":"if","locations":[{"start":{"line":46,"column":0},"end":{"line":54,"column":1}},{"start":{"line":46,"column":0},"end":{"line":54,"column":1}}],"line":46}},"s":{"0":11,"1":11,"2":11,"3":11,"4":11,"5":11,"6":11,"7":11,"8":11,"9":11,"10":11,"11":11,"12":11,"13":11,"14":11,"15":11,"16":0,"17":0,"18":0,"19":11,"20":11,"21":11,"22":11,"23":11,"24":11,"25":11,"26":11,"27":11,"28":11,"29":11,"30":11,"31":0,"32":0,"33":0,"34":0,"35":11},"f":{"0":0,"1":0,"2":0,"3":0},"b":{"0":[0,11]},"_coverageSchema":"1a1c01bbd47fc00a2c39e90264f33305004495a9","hash":"f66348fc8edd6dadf23ee5181dab8c66efe53371"}
,"/home/woomin/pro/facebook/api/middleware/validate.js": {"path":"/home/woomin/pro/facebook/api/middleware/validate.js","statementMap":{"0":{"start":{"line":1,"column":17},"end":{"line":10,"column":1}},"1":{"start":{"line":2,"column":2},"end":{"line":9,"column":4}},"2":{"start":{"line":3,"column":22},"end":{"line":3,"column":36}},"3":{"start":{"line":4,"column":4},"end":{"line":7,"column":5}},"4":{"start":{"line":5,"column":6},"end":{"line":5,"column":57}},"5":{"start":{"line":6,"column":6},"end":{"line":6,"column":13}},"6":{"start":{"line":8,"column":4},"end":{"line":8,"column":11}},"7":{"start":{"line":12,"column":0},"end":{"line":12,"column":26}}},"fnMap":{"0":{"name":"(anonymous_0)","decl":{"start":{"line":1,"column":17},"end":{"line":1,"column":18}},"loc":{"start":{"line":1,"column":32},"end":{"line":10,"column":1}},"line":1},"1":{"name":"(anonymous_1)","decl":{"start":{"line":2,"column":9},"end":{"line":2,"column":10}},"loc":{"start":{"line":2,"column":29},"end":{"line":9,"column":3}},"line":2}},"branchMap":{"0":{"loc":{"start":{"line":4,"column":4},"end":{"line":7,"column":5}},"type":"if","locations":[{"start":{"line":4,"column":4},"end":{"line":7,"column":5}},{"start":{"line":4,"column":4},"end":{"line":7,"column":5}}],"line":4}},"s":{"0":11,"1":33,"2":9,"3":9,"4":3,"5":3,"6":6,"7":11},"f":{"0":33,"1":9},"b":{"0":[3,6]},"_coverageSchema":"1a1c01bbd47fc00a2c39e90264f33305004495a9","hash":"ab8178d0b63094c19472e66ee655c1fc35d70fd0"}
,"/home/woomin/pro/facebook/api/middleware/validateSession.js": {"path":"/home/woomin/pro/facebook/api/middleware/validateSession.js","statementMap":{"0":{"start":{"line":1,"column":12},"end":{"line":1,"column":32}},"1":{"start":{"line":3,"column":24},"end":{"line":9,"column":1}},"2":{"start":{"line":4,"column":17},"end":{"line":6,"column":14}},"3":{"start":{"line":8,"column":2},"end":{"line":8,"column":43}},"4":{"start":{"line":11,"column":0},"end":{"line":11,"column":33}}},"fnMap":{"0":{"name":"(anonymous_0)","decl":{"start":{"line":3,"column":24},"end":{"line":3,"column":25}},"loc":{"start":{"line":3,"column":33},"end":{"line":9,"column":1}},"line":3}},"branchMap":{},"s":{"0":11,"1":11,"2":3,"3":3,"4":11},"f":{"0":3},"b":{},"_coverageSchema":"1a1c01bbd47fc00a2c39e90264f33305004495a9","hash":"526be437083eeb810f9230bab68fd4a73af43c7d"}
,"/home/woomin/pro/facebook/api/models/comment.js": {"path":"/home/woomin/pro/facebook/api/models/comment.js","statementMap":{"0":{"start":{"line":1,"column":17},"end":{"line":1,"column":36}},"1":{"start":{"line":2,"column":15},"end":{"line":2,"column":30}},"2":{"start":{"line":4,"column":22},"end":{"line":13,"column":2}},"3":{"start":{"line":15,"column":0},"end":{"line":15,"column":58}}},"fnMap":{},"branchMap":{},"s":{"0":12,"1":12,"2":12,"3":12},"f":{},"b":{},"_coverageSchema":"1a1c01bbd47fc00a2c39e90264f33305004495a9","hash":"533d16c2cf358eb5b7b114b0a667ba6c3c13d560"}
,"/home/woomin/pro/facebook/api/models/index.js": {"path":"/home/woomin/pro/facebook/api/models/index.js","statementMap":{"0":{"start":{"line":1,"column":17},"end":{"line":1,"column":36}},"1":{"start":{"line":2,"column":15},"end":{"line":2,"column":32}},"2":{"start":{"line":4,"column":0},"end":{"line":4,"column":16}},"3":{"start":{"line":6,"column":17},"end":{"line":8,"column":26}},"4":{"start":{"line":10,"column":11},"end":{"line":10,"column":30}},"5":{"start":{"line":11,"column":0},"end":{"line":11,"column":30}},"6":{"start":{"line":12,"column":0},"end":{"line":14,"column":3}},"7":{"start":{"line":13,"column":2},"end":{"line":13,"column":59}},"8":{"start":{"line":16,"column":0},"end":{"line":19,"column":3}},"9":{"start":{"line":21,"column":0},"end":{"line":21,"column":20}}},"fnMap":{"0":{"name":"(anonymous_0)","decl":{"start":{"line":12,"column":16},"end":{"line":12,"column":17}},"loc":{"start":{"line":12,"column":26},"end":{"line":14,"column":1}},"line":12}},"branchMap":{"0":{"loc":{"start":{"line":6,"column":17},"end":{"line":8,"column":26}},"type":"cond-expr","locations":[{"start":{"line":7,"column":4},"end":{"line":7,"column":23}},{"start":{"line":8,"column":4},"end":{"line":8,"column":26}}],"line":6}},"s":{"0":12,"1":12,"2":12,"3":12,"4":12,"5":12,"6":12,"7":12,"8":12,"9":12},"f":{"0":12},"b":{"0":[12,0]},"_coverageSchema":"1a1c01bbd47fc00a2c39e90264f33305004495a9","hash":"3f6a72d718d0aa9543452eed5a7a20d9468fe49a"}
,"/home/woomin/pro/facebook/api/models/key.js": {"path":"/home/woomin/pro/facebook/api/models/key.js","statementMap":{"0":{"start":{"line":1,"column":17},"end":{"line":1,"column":36}},"1":{"start":{"line":2,"column":15},"end":{"line":2,"column":30}},"2":{"start":{"line":4,"column":18},"end":{"line":6,"column":2}},"3":{"start":{"line":8,"column":0},"end":{"line":8,"column":50}}},"fnMap":{},"branchMap":{},"s":{"0":15,"1":15,"2":15,"3":15},"f":{},"b":{},"_coverageSchema":"1a1c01bbd47fc00a2c39e90264f33305004495a9","hash":"a4834dde915c55aa9becfb1e3e46d1883a3a7e8c"}
,"/home/woomin/pro/facebook/api/models/post.js": {"path":"/home/woomin/pro/facebook/api/models/post.js","statementMap":{"0":{"start":{"line":1,"column":17},"end":{"line":1,"column":36}},"1":{"start":{"line":2,"column":15},"end":{"line":2,"column":30}},"2":{"start":{"line":3,"column":12},"end":{"line":3,"column":32}},"3":{"start":{"line":5,"column":19},"end":{"line":17,"column":2}},"4":{"start":{"line":19,"column":13},"end":{"line":19,"column":47}},"5":{"start":{"line":21,"column":21},"end":{"line":29,"column":1}},"6":{"start":{"line":22,"column":17},"end":{"line":26,"column":14}},"7":{"start":{"line":28,"column":2},"end":{"line":28,"column":40}},"8":{"start":{"line":31,"column":0},"end":{"line":31,"column":36}},"9":{"start":{"line":32,"column":0},"end":{"line":32,"column":20}}},"fnMap":{"0":{"name":"(anonymous_0)","decl":{"start":{"line":21,"column":21},"end":{"line":21,"column":22}},"loc":{"start":{"line":21,"column":30},"end":{"line":29,"column":1}},"line":21}},"branchMap":{},"s":{"0":13,"1":13,"2":13,"3":13,"4":13,"5":13,"6":5,"7":5,"8":13,"9":13},"f":{"0":5},"b":{},"_coverageSchema":"1a1c01bbd47fc00a2c39e90264f33305004495a9","hash":"107f37b37583b5ba98de3e0f41e260fdd9f41540"}
,"/home/woomin/pro/facebook/api/models/user.js": {"path":"/home/woomin/pro/facebook/api/models/user.js","statementMap":{"0":{"start":{"line":1,"column":17},"end":{"line":1,"column":36}},"1":{"start":{"line":2,"column":15},"end":{"line":2,"column":30}},"2":{"start":{"line":3,"column":12},"end":{"line":3,"column":32}},"3":{"start":{"line":5,"column":19},"end":{"line":15,"column":2}},"4":{"start":{"line":17,"column":13},"end":{"line":17,"column":47}},"5":{"start":{"line":19,"column":21},"end":{"line":31,"column":1}},"6":{"start":{"line":20,"column":17},"end":{"line":28,"column":4}},"7":{"start":{"line":30,"column":2},"end":{"line":30,"column":39}},"8":{"start":{"line":33,"column":0},"end":{"line":33,"column":36}},"9":{"start":{"line":34,"column":0},"end":{"line":34,"column":20}}},"fnMap":{"0":{"name":"(anonymous_0)","decl":{"start":{"line":19,"column":21},"end":{"line":19,"column":22}},"loc":{"start":{"line":19,"column":30},"end":{"line":31,"column":1}},"line":19}},"branchMap":{},"s":{"0":13,"1":13,"2":13,"3":13,"4":13,"5":13,"6":5,"7":5,"8":13,"9":13},"f":{"0":5},"b":{},"_coverageSchema":"1a1c01bbd47fc00a2c39e90264f33305004495a9","hash":"bd776aa7c10d02b03e9b3d3a82b3e4d915bfddc6"}
,"/home/woomin/pro/facebook/api/repository/comment.repository.js": {"path":"/home/woomin/pro/facebook/api/repository/comment.repository.js","statementMap":{"0":{"start":{"line":1,"column":15},"end":{"line":1,"column":42}},"1":{"start":{"line":2,"column":16},"end":{"line":2,"column":44}},"2":{"start":{"line":4,"column":20},"end":{"line":42,"column":1}},"3":{"start":{"line":6,"column":4},"end":{"line":6,"column":32}},"4":{"start":{"line":10,"column":16},"end":{"line":10,"column":37}},"5":{"start":{"line":11,"column":4},"end":{"line":20,"column":7}},"6":{"start":{"line":24,"column":4},"end":{"line":27,"column":6}},"7":{"start":{"line":31,"column":4},"end":{"line":40,"column":9}},"8":{"start":{"line":44,"column":0},"end":{"line":44,"column":29}}},"fnMap":{"0":{"name":"(anonymous_0)","decl":{"start":{"line":5,"column":2},"end":{"line":5,"column":3}},"loc":{"start":{"line":5,"column":25},"end":{"line":7,"column":3}},"line":5},"1":{"name":"(anonymous_1)","decl":{"start":{"line":9,"column":2},"end":{"line":9,"column":3}},"loc":{"start":{"line":9,"column":82},"end":{"line":21,"column":3}},"line":9},"2":{"name":"(anonymous_2)","decl":{"start":{"line":23,"column":2},"end":{"line":23,"column":3}},"loc":{"start":{"line":23,"column":32},"end":{"line":28,"column":3}},"line":23},"3":{"name":"(anonymous_3)","decl":{"start":{"line":30,"column":2},"end":{"line":30,"column":3}},"loc":{"start":{"line":30,"column":77},"end":{"line":41,"column":3}},"line":30}},"branchMap":{},"s":{"0":12,"1":12,"2":12,"3":4,"4":1,"5":1,"6":1,"7":1,"8":12},"f":{"0":4,"1":1,"2":1,"3":1},"b":{},"_coverageSchema":"1a1c01bbd47fc00a2c39e90264f33305004495a9","hash":"c78bcbc98338e90686a506402bedf64cd7dc1464"}
,"/home/woomin/pro/facebook/api/repository/post.repository.js": {"path":"/home/woomin/pro/facebook/api/repository/post.repository.js","statementMap":{"0":{"start":{"line":1,"column":15},"end":{"line":1,"column":42}},"1":{"start":{"line":2,"column":17},"end":{"line":2,"column":42}},"2":{"start":{"line":4,"column":17},"end":{"line":52,"column":1}},"3":{"start":{"line":6,"column":4},"end":{"line":6,"column":29}},"4":{"start":{"line":10,"column":61},"end":{"line":10,"column":76}},"5":{"start":{"line":12,"column":16},"end":{"line":12,"column":37}},"6":{"start":{"line":13,"column":4},"end":{"line":25,"column":7}},"7":{"start":{"line":29,"column":4},"end":{"line":29,"column":58}},"8":{"start":{"line":33,"column":4},"end":{"line":36,"column":6}},"9":{"start":{"line":40,"column":4},"end":{"line":43,"column":6}},"10":{"start":{"line":47,"column":4},"end":{"line":50,"column":6}},"11":{"start":{"line":54,"column":0},"end":{"line":54,"column":26}}},"fnMap":{"0":{"name":"(anonymous_0)","decl":{"start":{"line":5,"column":2},"end":{"line":5,"column":3}},"loc":{"start":{"line":5,"column":22},"end":{"line":7,"column":3}},"line":5},"1":{"name":"(anonymous_1)","decl":{"start":{"line":9,"column":2},"end":{"line":9,"column":3}},"loc":{"start":{"line":9,"column":36},"end":{"line":26,"column":3}},"line":9},"2":{"name":"(anonymous_2)","decl":{"start":{"line":28,"column":2},"end":{"line":28,"column":3}},"loc":{"start":{"line":28,"column":30},"end":{"line":30,"column":3}},"line":28},"3":{"name":"(anonymous_3)","decl":{"start":{"line":32,"column":2},"end":{"line":32,"column":3}},"loc":{"start":{"line":32,"column":45},"end":{"line":37,"column":3}},"line":32},"4":{"name":"(anonymous_4)","decl":{"start":{"line":39,"column":2},"end":{"line":39,"column":3}},"loc":{"start":{"line":39,"column":32},"end":{"line":44,"column":3}},"line":39},"5":{"name":"(anonymous_5)","decl":{"start":{"line":46,"column":2},"end":{"line":46,"column":3}},"loc":{"start":{"line":46,"column":36},"end":{"line":51,"column":3}},"line":46}},"branchMap":{},"s":{"0":12,"1":12,"2":12,"3":8,"4":1,"5":1,"6":1,"7":2,"8":2,"9":1,"10":1,"11":12},"f":{"0":8,"1":1,"2":2,"3":2,"4":1,"5":1},"b":{},"_coverageSchema":"1a1c01bbd47fc00a2c39e90264f33305004495a9","hash":"1ac7a05959b0199cc3058df0c88ecd4475b73eda"}
,"/home/woomin/pro/facebook/api/repository/user.repository.js": {"path":"/home/woomin/pro/facebook/api/repository/user.repository.js","statementMap":{"0":{"start":{"line":1,"column":17},"end":{"line":1,"column":42}},"1":{"start":{"line":3,"column":17},"end":{"line":51,"column":1}},"2":{"start":{"line":5,"column":4},"end":{"line":5,"column":29}},"3":{"start":{"line":9,"column":66},"end":{"line":9,"column":81}},"4":{"start":{"line":11,"column":4},"end":{"line":13,"column":7}},"5":{"start":{"line":17,"column":4},"end":{"line":20,"column":6}},"6":{"start":{"line":24,"column":4},"end":{"line":24,"column":51}},"7":{"start":{"line":28,"column":4},"end":{"line":28,"column":46}},"8":{"start":{"line":32,"column":4},"end":{"line":35,"column":6}},"9":{"start":{"line":39,"column":4},"end":{"line":42,"column":6}},"10":{"start":{"line":46,"column":4},"end":{"line":49,"column":6}},"11":{"start":{"line":53,"column":0},"end":{"line":53,"column":26}}},"fnMap":{"0":{"name":"(anonymous_0)","decl":{"start":{"line":4,"column":2},"end":{"line":4,"column":3}},"loc":{"start":{"line":4,"column":22},"end":{"line":6,"column":3}},"line":4},"1":{"name":"(anonymous_1)","decl":{"start":{"line":8,"column":2},"end":{"line":8,"column":3}},"loc":{"start":{"line":8,"column":32},"end":{"line":14,"column":3}},"line":8},"2":{"name":"(anonymous_2)","decl":{"start":{"line":16,"column":2},"end":{"line":16,"column":3}},"loc":{"start":{"line":16,"column":45},"end":{"line":21,"column":3}},"line":16},"3":{"name":"(anonymous_3)","decl":{"start":{"line":23,"column":2},"end":{"line":23,"column":3}},"loc":{"start":{"line":23,"column":27},"end":{"line":25,"column":3}},"line":23},"4":{"name":"(anonymous_4)","decl":{"start":{"line":27,"column":2},"end":{"line":27,"column":3}},"loc":{"start":{"line":27,"column":28},"end":{"line":29,"column":3}},"line":27},"5":{"name":"(anonymous_5)","decl":{"start":{"line":31,"column":2},"end":{"line":31,"column":3}},"loc":{"start":{"line":31,"column":35},"end":{"line":36,"column":3}},"line":31},"6":{"name":"(anonymous_6)","decl":{"start":{"line":38,"column":2},"end":{"line":38,"column":3}},"loc":{"start":{"line":38,"column":36},"end":{"line":43,"column":3}},"line":38},"7":{"name":"(anonymous_7)","decl":{"start":{"line":45,"column":2},"end":{"line":45,"column":3}},"loc":{"start":{"line":45,"column":39},"end":{"line":50,"column":3}},"line":45}},"branchMap":{},"s":{"0":12,"1":12,"2":4,"3":1,"4":1,"5":1,"6":1,"7":7,"8":3,"9":1,"10":1,"11":12},"f":{"0":4,"1":1,"2":1,"3":1,"4":7,"5":3,"6":1,"7":1},"b":{},"_coverageSchema":"1a1c01bbd47fc00a2c39e90264f33305004495a9","hash":"f0817d3797459faafd1345f981feaef2373b2b64"}
,"/home/woomin/pro/facebook/api/routes/childcomments.js": {"path":"/home/woomin/pro/facebook/api/routes/childcomments.js","statementMap":{"0":{"start":{"line":1,"column":16},"end":{"line":1,"column":34}},"1":{"start":{"line":2,"column":15},"end":{"line":2,"column":31}},"2":{"start":{"line":3,"column":23},"end":{"line":3,"column":59}},"3":{"start":{"line":6,"column":0},"end":{"line":17,"column":3}},"4":{"start":{"line":7,"column":66},"end":{"line":7,"column":74}},"5":{"start":{"line":9,"column":2},"end":{"line":16,"column":3}},"6":{"start":{"line":10,"column":4},"end":{"line":10,"column":94}},"7":{"start":{"line":11,"column":21},"end":{"line":11,"column":58}},"8":{"start":{"line":12,"column":4},"end":{"line":12,"column":41}},"9":{"start":{"line":14,"column":4},"end":{"line":14,"column":23}},"10":{"start":{"line":15,"column":4},"end":{"line":15,"column":54}},"11":{"start":{"line":19,"column":0},"end":{"line":19,"column":24}}},"fnMap":{"0":{"name":"(anonymous_0)","decl":{"start":{"line":6,"column":17},"end":{"line":6,"column":18}},"loc":{"start":{"line":6,"column":37},"end":{"line":17,"column":1}},"line":6}},"branchMap":{},"s":{"0":11,"1":11,"2":11,"3":11,"4":2,"5":2,"6":2,"7":1,"8":1,"9":1,"10":1,"11":11},"f":{"0":2},"b":{},"_coverageSchema":"1a1c01bbd47fc00a2c39e90264f33305004495a9","hash":"9f1235c735d3b8a1f3157d8be2b2d8554708b449"}
,"/home/woomin/pro/facebook/api/routes/commentlike.js": {"path":"/home/woomin/pro/facebook/api/routes/commentlike.js","statementMap":{"0":{"start":{"line":1,"column":16},"end":{"line":1,"column":34}},"1":{"start":{"line":2,"column":15},"end":{"line":2,"column":31}},"2":{"start":{"line":3,"column":23},"end":{"line":3,"column":59}},"3":{"start":{"line":6,"column":0},"end":{"line":18,"column":3}},"4":{"start":{"line":7,"column":39},"end":{"line":7,"column":47}},"5":{"start":{"line":9,"column":2},"end":{"line":17,"column":3}},"6":{"start":{"line":10,"column":4},"end":{"line":10,"column":56}},"7":{"start":{"line":11,"column":21},"end":{"line":11,"column":58}},"8":{"start":{"line":13,"column":4},"end":{"line":13,"column":41}},"9":{"start":{"line":15,"column":4},"end":{"line":15,"column":23}},"10":{"start":{"line":16,"column":4},"end":{"line":16,"column":54}},"11":{"start":{"line":20,"column":0},"end":{"line":20,"column":24}}},"fnMap":{"0":{"name":"(anonymous_0)","decl":{"start":{"line":6,"column":18},"end":{"line":6,"column":19}},"loc":{"start":{"line":6,"column":38},"end":{"line":18,"column":1}},"line":6}},"branchMap":{},"s":{"0":11,"1":11,"2":11,"3":11,"4":2,"5":2,"6":2,"7":1,"8":1,"9":1,"10":1,"11":11},"f":{"0":2},"b":{},"_coverageSchema":"1a1c01bbd47fc00a2c39e90264f33305004495a9","hash":"e6ac1b7cfd9c69c7f64da0f76c4ab846e590dad7"}
,"/home/woomin/pro/facebook/api/routes/comments.js": {"path":"/home/woomin/pro/facebook/api/routes/comments.js","statementMap":{"0":{"start":{"line":1,"column":16},"end":{"line":1,"column":34}},"1":{"start":{"line":2,"column":15},"end":{"line":2,"column":31}},"2":{"start":{"line":3,"column":23},"end":{"line":3,"column":59}},"3":{"start":{"line":4,"column":20},"end":{"line":4,"column":53}},"4":{"start":{"line":7,"column":0},"end":{"line":15,"column":3}},"5":{"start":{"line":8,"column":2},"end":{"line":14,"column":3}},"6":{"start":{"line":9,"column":21},"end":{"line":9,"column":58}},"7":{"start":{"line":10,"column":4},"end":{"line":10,"column":53}},"8":{"start":{"line":12,"column":4},"end":{"line":12,"column":23}},"9":{"start":{"line":13,"column":4},"end":{"line":13,"column":54}},"10":{"start":{"line":18,"column":0},"end":{"line":29,"column":3}},"11":{"start":{"line":19,"column":73},"end":{"line":19,"column":81}},"12":{"start":{"line":21,"column":2},"end":{"line":28,"column":3}},"13":{"start":{"line":22,"column":4},"end":{"line":22,"column":99}},"14":{"start":{"line":23,"column":21},"end":{"line":23,"column":58}},"15":{"start":{"line":24,"column":4},"end":{"line":24,"column":52}},"16":{"start":{"line":26,"column":4},"end":{"line":26,"column":23}},"17":{"start":{"line":27,"column":4},"end":{"line":27,"column":54}},"18":{"start":{"line":32,"column":0},"end":{"line":43,"column":3}},"19":{"start":{"line":33,"column":24},"end":{"line":33,"column":32}},"20":{"start":{"line":35,"column":2},"end":{"line":42,"column":3}},"21":{"start":{"line":36,"column":4},"end":{"line":36,"column":50}},"22":{"start":{"line":37,"column":18},"end":{"line":37,"column":49}},"23":{"start":{"line":38,"column":4},"end":{"line":38,"column":39}},"24":{"start":{"line":40,"column":4},"end":{"line":40,"column":23}},"25":{"start":{"line":41,"column":4},"end":{"line":41,"column":54}},"26":{"start":{"line":45,"column":0},"end":{"line":45,"column":24}}},"fnMap":{"0":{"name":"(anonymous_0)","decl":{"start":{"line":7,"column":16},"end":{"line":7,"column":17}},"loc":{"start":{"line":7,"column":36},"end":{"line":15,"column":1}},"line":7},"1":{"name":"(anonymous_1)","decl":{"start":{"line":18,"column":17},"end":{"line":18,"column":18}},"loc":{"start":{"line":18,"column":37},"end":{"line":29,"column":1}},"line":18},"2":{"name":"(anonymous_2)","decl":{"start":{"line":32,"column":18},"end":{"line":32,"column":19}},"loc":{"start":{"line":32,"column":38},"end":{"line":43,"column":1}},"line":32}},"branchMap":{},"s":{"0":11,"1":11,"2":11,"3":11,"4":11,"5":2,"6":2,"7":1,"8":1,"9":1,"10":11,"11":2,"12":2,"13":2,"14":1,"15":1,"16":1,"17":1,"18":11,"19":2,"20":2,"21":2,"22":1,"23":1,"24":1,"25":1,"26":11},"f":{"0":2,"1":2,"2":2},"b":{},"_coverageSchema":"1a1c01bbd47fc00a2c39e90264f33305004495a9","hash":"acdf05df5fb58aa06ef3f70db45523f10243b5bf"}
,"/home/woomin/pro/facebook/api/routes/friends.js": {"path":"/home/woomin/pro/facebook/api/routes/friends.js","statementMap":{"0":{"start":{"line":1,"column":16},"end":{"line":1,"column":34}},"1":{"start":{"line":2,"column":15},"end":{"line":2,"column":31}},"2":{"start":{"line":3,"column":20},"end":{"line":3,"column":53}},"3":{"start":{"line":6,"column":0},"end":{"line":17,"column":3}},"4":{"start":{"line":7,"column":38},"end":{"line":7,"column":46}},"5":{"start":{"line":9,"column":2},"end":{"line":16,"column":3}},"6":{"start":{"line":10,"column":4},"end":{"line":10,"column":57}},"7":{"start":{"line":11,"column":18},"end":{"line":11,"column":49}},"8":{"start":{"line":12,"column":4},"end":{"line":12,"column":35}},"9":{"start":{"line":14,"column":4},"end":{"line":14,"column":23}},"10":{"start":{"line":15,"column":4},"end":{"line":15,"column":54}},"11":{"start":{"line":20,"column":0},"end":{"line":31,"column":3}},"12":{"start":{"line":21,"column":38},"end":{"line":21,"column":46}},"13":{"start":{"line":23,"column":2},"end":{"line":30,"column":3}},"14":{"start":{"line":24,"column":4},"end":{"line":24,"column":60}},"15":{"start":{"line":25,"column":18},"end":{"line":25,"column":49}},"16":{"start":{"line":26,"column":4},"end":{"line":26,"column":35}},"17":{"start":{"line":28,"column":4},"end":{"line":28,"column":23}},"18":{"start":{"line":29,"column":4},"end":{"line":29,"column":54}},"19":{"start":{"line":33,"column":0},"end":{"line":33,"column":24}}},"fnMap":{"0":{"name":"(anonymous_0)","decl":{"start":{"line":6,"column":17},"end":{"line":6,"column":18}},"loc":{"start":{"line":6,"column":37},"end":{"line":17,"column":1}},"line":6},"1":{"name":"(anonymous_1)","decl":{"start":{"line":20,"column":18},"end":{"line":20,"column":19}},"loc":{"start":{"line":20,"column":38},"end":{"line":31,"column":1}},"line":20}},"branchMap":{},"s":{"0":11,"1":11,"2":11,"3":11,"4":2,"5":2,"6":2,"7":1,"8":1,"9":1,"10":1,"11":11,"12":2,"13":2,"14":2,"15":1,"16":1,"17":1,"18":1,"19":11},"f":{"0":2,"1":2},"b":{},"_coverageSchema":"1a1c01bbd47fc00a2c39e90264f33305004495a9","hash":"0378767255bdf0dc9bdf3ff1cb7e00cc4e657338"}
,"/home/woomin/pro/facebook/api/routes/like.js": {"path":"/home/woomin/pro/facebook/api/routes/like.js","statementMap":{"0":{"start":{"line":1,"column":16},"end":{"line":1,"column":34}},"1":{"start":{"line":2,"column":15},"end":{"line":2,"column":31}},"2":{"start":{"line":3,"column":20},"end":{"line":3,"column":53}},"3":{"start":{"line":6,"column":0},"end":{"line":17,"column":3}},"4":{"start":{"line":7,"column":39},"end":{"line":7,"column":47}},"5":{"start":{"line":9,"column":2},"end":{"line":16,"column":3}},"6":{"start":{"line":10,"column":4},"end":{"line":10,"column":53}},"7":{"start":{"line":11,"column":18},"end":{"line":11,"column":49}},"8":{"start":{"line":12,"column":4},"end":{"line":12,"column":51}},"9":{"start":{"line":14,"column":4},"end":{"line":14,"column":23}},"10":{"start":{"line":15,"column":4},"end":{"line":15,"column":54}},"11":{"start":{"line":19,"column":0},"end":{"line":19,"column":24}}},"fnMap":{"0":{"name":"(anonymous_0)","decl":{"start":{"line":6,"column":18},"end":{"line":6,"column":19}},"loc":{"start":{"line":6,"column":38},"end":{"line":17,"column":1}},"line":6}},"branchMap":{},"s":{"0":11,"1":11,"2":11,"3":11,"4":2,"5":2,"6":2,"7":1,"8":1,"9":1,"10":1,"11":11},"f":{"0":2},"b":{},"_coverageSchema":"1a1c01bbd47fc00a2c39e90264f33305004495a9","hash":"9486c1679cb94e1ee617d6aeba10da06fc065176"}
,"/home/woomin/pro/facebook/api/routes/login.js": {"path":"/home/woomin/pro/facebook/api/routes/login.js","statementMap":{"0":{"start":{"line":1,"column":16},"end":{"line":1,"column":34}},"1":{"start":{"line":2,"column":15},"end":{"line":2,"column":31}},"2":{"start":{"line":3,"column":20},"end":{"line":3,"column":53}},"3":{"start":{"line":4,"column":17},"end":{"line":4,"column":50}},"4":{"start":{"line":5,"column":25},"end":{"line":5,"column":50}},"5":{"start":{"line":8,"column":0},"end":{"line":16,"column":3}},"6":{"start":{"line":9,"column":2},"end":{"line":15,"column":3}},"7":{"start":{"line":10,"column":18},"end":{"line":10,"column":49}},"8":{"start":{"line":11,"column":4},"end":{"line":11,"column":35}},"9":{"start":{"line":13,"column":4},"end":{"line":13,"column":23}},"10":{"start":{"line":14,"column":4},"end":{"line":14,"column":54}},"11":{"start":{"line":19,"column":0},"end":{"line":27,"column":3}},"12":{"start":{"line":20,"column":2},"end":{"line":26,"column":3}},"13":{"start":{"line":21,"column":4},"end":{"line":21,"column":39}},"14":{"start":{"line":22,"column":4},"end":{"line":22,"column":27}},"15":{"start":{"line":24,"column":4},"end":{"line":24,"column":23}},"16":{"start":{"line":25,"column":4},"end":{"line":25,"column":54}},"17":{"start":{"line":29,"column":0},"end":{"line":29,"column":24}}},"fnMap":{"0":{"name":"(anonymous_0)","decl":{"start":{"line":8,"column":16},"end":{"line":8,"column":17}},"loc":{"start":{"line":8,"column":36},"end":{"line":16,"column":1}},"line":8},"1":{"name":"(anonymous_1)","decl":{"start":{"line":19,"column":41},"end":{"line":19,"column":42}},"loc":{"start":{"line":19,"column":61},"end":{"line":27,"column":1}},"line":19}},"branchMap":{},"s":{"0":11,"1":11,"2":11,"3":11,"4":11,"5":11,"6":2,"7":2,"8":1,"9":1,"10":1,"11":11,"12":2,"13":2,"14":1,"15":1,"16":1,"17":11},"f":{"0":2,"1":2},"b":{},"_coverageSchema":"1a1c01bbd47fc00a2c39e90264f33305004495a9","hash":"da06a7a9ba278c27a9d6dc99153cf4d3a2fd2ed0"}
,"/home/woomin/pro/facebook/api/routes/posts.js": {"path":"/home/woomin/pro/facebook/api/routes/posts.js","statementMap":{"0":{"start":{"line":1,"column":16},"end":{"line":1,"column":34}},"1":{"start":{"line":2,"column":15},"end":{"line":2,"column":31}},"2":{"start":{"line":3,"column":20},"end":{"line":3,"column":53}},"3":{"start":{"line":4,"column":17},"end":{"line":4,"column":50}},"4":{"start":{"line":5,"column":25},"end":{"line":5,"column":50}},"5":{"start":{"line":8,"column":0},"end":{"line":16,"column":3}},"6":{"start":{"line":9,"column":2},"end":{"line":15,"column":3}},"7":{"start":{"line":10,"column":18},"end":{"line":10,"column":49}},"8":{"start":{"line":11,"column":4},"end":{"line":11,"column":51}},"9":{"start":{"line":13,"column":4},"end":{"line":13,"column":23}},"10":{"start":{"line":14,"column":4},"end":{"line":14,"column":76}},"11":{"start":{"line":19,"column":0},"end":{"line":30,"column":3}},"12":{"start":{"line":20,"column":2},"end":{"line":29,"column":3}},"13":{"start":{"line":21,"column":4},"end":{"line":21,"column":43}},"14":{"start":{"line":22,"column":18},"end":{"line":22,"column":49}},"15":{"start":{"line":24,"column":4},"end":{"line":24,"column":51}},"16":{"start":{"line":26,"column":4},"end":{"line":26,"column":23}},"17":{"start":{"line":28,"column":4},"end":{"line":28,"column":54}},"18":{"start":{"line":33,"column":0},"end":{"line":44,"column":3}},"19":{"start":{"line":34,"column":20},"end":{"line":34,"column":40}},"20":{"start":{"line":36,"column":2},"end":{"line":43,"column":3}},"21":{"start":{"line":37,"column":4},"end":{"line":37,"column":44}},"22":{"start":{"line":38,"column":18},"end":{"line":38,"column":49}},"23":{"start":{"line":39,"column":4},"end":{"line":39,"column":51}},"24":{"start":{"line":41,"column":4},"end":{"line":41,"column":23}},"25":{"start":{"line":42,"column":4},"end":{"line":42,"column":54}},"26":{"start":{"line":47,"column":0},"end":{"line":58,"column":3}},"27":{"start":{"line":48,"column":41},"end":{"line":48,"column":49}},"28":{"start":{"line":50,"column":2},"end":{"line":57,"column":3}},"29":{"start":{"line":51,"column":4},"end":{"line":51,"column":64}},"30":{"start":{"line":52,"column":18},"end":{"line":52,"column":49}},"31":{"start":{"line":53,"column":4},"end":{"line":53,"column":39}},"32":{"start":{"line":55,"column":4},"end":{"line":55,"column":23}},"33":{"start":{"line":56,"column":4},"end":{"line":56,"column":54}},"34":{"start":{"line":60,"column":0},"end":{"line":60,"column":24}}},"fnMap":{"0":{"name":"(anonymous_0)","decl":{"start":{"line":8,"column":16},"end":{"line":8,"column":17}},"loc":{"start":{"line":8,"column":36},"end":{"line":16,"column":1}},"line":8},"1":{"name":"(anonymous_1)","decl":{"start":{"line":19,"column":41},"end":{"line":19,"column":42}},"loc":{"start":{"line":19,"column":61},"end":{"line":30,"column":1}},"line":19},"2":{"name":"(anonymous_2)","decl":{"start":{"line":33,"column":29},"end":{"line":33,"column":30}},"loc":{"start":{"line":33,"column":49},"end":{"line":44,"column":1}},"line":33},"3":{"name":"(anonymous_3)","decl":{"start":{"line":47,"column":18},"end":{"line":47,"column":19}},"loc":{"start":{"line":47,"column":38},"end":{"line":58,"column":1}},"line":47}},"branchMap":{},"s":{"0":11,"1":11,"2":11,"3":11,"4":11,"5":11,"6":2,"7":2,"8":1,"9":1,"10":1,"11":11,"12":2,"13":2,"14":1,"15":1,"16":1,"17":1,"18":11,"19":3,"20":3,"21":3,"22":2,"23":2,"24":1,"25":1,"26":11,"27":3,"28":3,"29":3,"30":2,"31":2,"32":1,"33":1,"34":11},"f":{"0":2,"1":2,"2":3,"3":3},"b":{},"_coverageSchema":"1a1c01bbd47fc00a2c39e90264f33305004495a9","hash":"b99a23cae3f8379562698a874a3030436ae8a935"}
,"/home/woomin/pro/facebook/api/routes/profile.js": {"path":"/home/woomin/pro/facebook/api/routes/profile.js","statementMap":{"0":{"start":{"line":1,"column":16},"end":{"line":1,"column":34}},"1":{"start":{"line":2,"column":15},"end":{"line":2,"column":31}},"2":{"start":{"line":3,"column":20},"end":{"line":3,"column":53}},"3":{"start":{"line":6,"column":0},"end":{"line":17,"column":3}},"4":{"start":{"line":7,"column":2},"end":{"line":16,"column":3}},"5":{"start":{"line":8,"column":33},"end":{"line":8,"column":41}},"6":{"start":{"line":10,"column":4},"end":{"line":10,"column":59}},"7":{"start":{"line":11,"column":18},"end":{"line":11,"column":49}},"8":{"start":{"line":12,"column":4},"end":{"line":12,"column":47}},"9":{"start":{"line":14,"column":4},"end":{"line":14,"column":23}},"10":{"start":{"line":15,"column":4},"end":{"line":15,"column":83}},"11":{"start":{"line":19,"column":0},"end":{"line":19,"column":24}}},"fnMap":{"0":{"name":"(anonymous_0)","decl":{"start":{"line":6,"column":18},"end":{"line":6,"column":19}},"loc":{"start":{"line":6,"column":38},"end":{"line":17,"column":1}},"line":6}},"branchMap":{},"s":{"0":11,"1":11,"2":11,"3":11,"4":2,"5":2,"6":2,"7":1,"8":1,"9":1,"10":1,"11":11},"f":{"0":2},"b":{},"_coverageSchema":"1a1c01bbd47fc00a2c39e90264f33305004495a9","hash":"67d0d61717265d078a4885b67dc1c0d4018fda65"}
,"/home/woomin/pro/facebook/api/routes/session.js": {"path":"/home/woomin/pro/facebook/api/routes/session.js","statementMap":{"0":{"start":{"line":1,"column":16},"end":{"line":1,"column":34}},"1":{"start":{"line":2,"column":15},"end":{"line":2,"column":31}},"2":{"start":{"line":3,"column":20},"end":{"line":3,"column":53}},"3":{"start":{"line":4,"column":19},"end":{"line":4,"column":45}},"4":{"start":{"line":5,"column":17},"end":{"line":5,"column":44}},"5":{"start":{"line":6,"column":17},"end":{"line":6,"column":50}},"6":{"start":{"line":7,"column":24},"end":{"line":7,"column":64}},"7":{"start":{"line":10,"column":0},"end":{"line":20,"column":3}},"8":{"start":{"line":11,"column":2},"end":{"line":19,"column":3}},"9":{"start":{"line":12,"column":17},"end":{"line":12,"column":53}},"10":{"start":{"line":14,"column":4},"end":{"line":14,"column":35}},"11":{"start":{"line":16,"column":4},"end":{"line":16,"column":23}},"12":{"start":{"line":18,"column":4},"end":{"line":18,"column":75}},"13":{"start":{"line":23,"column":0},"end":{"line":45,"column":3}},"14":{"start":{"line":24,"column":39},"end":{"line":24,"column":47}},"15":{"start":{"line":26,"column":2},"end":{"line":44,"column":3}},"16":{"start":{"line":27,"column":17},"end":{"line":27,"column":54}},"17":{"start":{"line":29,"column":4},"end":{"line":32,"column":5}},"18":{"start":{"line":30,"column":6},"end":{"line":30,"column":56}},"19":{"start":{"line":31,"column":6},"end":{"line":31,"column":13}},"20":{"start":{"line":34,"column":4},"end":{"line":34,"column":44}},"21":{"start":{"line":36,"column":4},"end":{"line":36,"column":49}},"22":{"start":{"line":38,"column":4},"end":{"line":38,"column":34}},"23":{"start":{"line":39,"column":4},"end":{"line":39,"column":23}},"24":{"start":{"line":41,"column":4},"end":{"line":41,"column":23}},"25":{"start":{"line":43,"column":4},"end":{"line":43,"column":54}},"26":{"start":{"line":48,"column":0},"end":{"line":62,"column":3}},"27":{"start":{"line":49,"column":21},"end":{"line":49,"column":29}},"28":{"start":{"line":51,"column":2},"end":{"line":61,"column":3}},"29":{"start":{"line":52,"column":4},"end":{"line":52,"column":36}},"30":{"start":{"line":53,"column":4},"end":{"line":53,"column":50}},"31":{"start":{"line":54,"column":4},"end":{"line":54,"column":26}},"32":{"start":{"line":56,"column":4},"end":{"line":56,"column":27}},"33":{"start":{"line":58,"column":4},"end":{"line":58,"column":23}},"34":{"start":{"line":60,"column":4},"end":{"line":60,"column":54}},"35":{"start":{"line":64,"column":0},"end":{"line":64,"column":24}}},"fnMap":{"0":{"name":"(anonymous_0)","decl":{"start":{"line":10,"column":43},"end":{"line":10,"column":44}},"loc":{"start":{"line":10,"column":63},"end":{"line":20,"column":1}},"line":10},"1":{"name":"(anonymous_1)","decl":{"start":{"line":23,"column":17},"end":{"line":23,"column":18}},"loc":{"start":{"line":23,"column":37},"end":{"line":45,"column":1}},"line":23},"2":{"name":"(anonymous_2)","decl":{"start":{"line":48,"column":18},"end":{"line":48,"column":19}},"loc":{"start":{"line":48,"column":38},"end":{"line":62,"column":1}},"line":48}},"branchMap":{"0":{"loc":{"start":{"line":29,"column":4},"end":{"line":32,"column":5}},"type":"if","locations":[{"start":{"line":29,"column":4},"end":{"line":32,"column":5}},{"start":{"line":29,"column":4},"end":{"line":32,"column":5}}],"line":29}},"s":{"0":11,"1":11,"2":11,"3":11,"4":11,"5":11,"6":11,"7":11,"8":2,"9":2,"10":1,"11":1,"12":1,"13":11,"14":7,"15":7,"16":7,"17":7,"18":1,"19":1,"20":6,"21":6,"22":5,"23":5,"24":1,"25":1,"26":11,"27":2,"28":2,"29":2,"30":2,"31":1,"32":1,"33":1,"34":1,"35":11},"f":{"0":2,"1":7,"2":2},"b":{"0":[1,6]},"_coverageSchema":"1a1c01bbd47fc00a2c39e90264f33305004495a9","hash":"dad158258a5ea61619dc7e53defdc17071c1573a"}
,"/home/woomin/pro/facebook/api/routes/socket.js": {"path":"/home/woomin/pro/facebook/api/routes/socket.js","statementMap":{"0":{"start":{"line":1,"column":16},"end":{"line":1,"column":34}},"1":{"start":{"line":2,"column":15},"end":{"line":2,"column":31}},"2":{"start":{"line":3,"column":19},"end":{"line":3,"column":45}},"3":{"start":{"line":6,"column":0},"end":{"line":16,"column":3}},"4":{"start":{"line":7,"column":17},"end":{"line":7,"column":34}},"5":{"start":{"line":8,"column":23},"end":{"line":8,"column":50}},"6":{"start":{"line":10,"column":2},"end":{"line":13,"column":3}},"7":{"start":{"line":11,"column":4},"end":{"line":11,"column":20}},"8":{"start":{"line":12,"column":4},"end":{"line":12,"column":11}},"9":{"start":{"line":15,"column":2},"end":{"line":15,"column":29}},"10":{"start":{"line":18,"column":0},"end":{"line":18,"column":24}}},"fnMap":{"0":{"name":"(anonymous_0)","decl":{"start":{"line":6,"column":23},"end":{"line":6,"column":24}},"loc":{"start":{"line":6,"column":37},"end":{"line":16,"column":1}},"line":6}},"branchMap":{"0":{"loc":{"start":{"line":10,"column":2},"end":{"line":13,"column":3}},"type":"if","locations":[{"start":{"line":10,"column":2},"end":{"line":13,"column":3}},{"start":{"line":10,"column":2},"end":{"line":13,"column":3}}],"line":10}},"s":{"0":11,"1":11,"2":11,"3":11,"4":2,"5":2,"6":2,"7":1,"8":1,"9":1,"10":11},"f":{"0":2},"b":{"0":[1,1]},"_coverageSchema":"1a1c01bbd47fc00a2c39e90264f33305004495a9","hash":"5384fc787482033a2afd6ed2c9b1f1aeb2f03aa1"}
,"/home/woomin/pro/facebook/api/routes/upload.js": {"path":"/home/woomin/pro/facebook/api/routes/upload.js","statementMap":{"0":{"start":{"line":1,"column":16},"end":{"line":1,"column":34}},"1":{"start":{"line":2,"column":15},"end":{"line":2,"column":31}},"2":{"start":{"line":3,"column":15},"end":{"line":3,"column":42}},"3":{"start":{"line":6,"column":0},"end":{"line":14,"column":3}},"4":{"start":{"line":7,"column":14},"end":{"line":7,"column":35}},"5":{"start":{"line":8,"column":15},"end":{"line":8,"column":29}},"6":{"start":{"line":9,"column":19},"end":{"line":9,"column":74}},"7":{"start":{"line":11,"column":2},"end":{"line":13,"column":5}},"8":{"start":{"line":12,"column":4},"end":{"line":12,"column":78}},"9":{"start":{"line":16,"column":0},"end":{"line":16,"column":24}}},"fnMap":{"0":{"name":"(anonymous_0)","decl":{"start":{"line":6,"column":17},"end":{"line":6,"column":18}},"loc":{"start":{"line":6,"column":37},"end":{"line":14,"column":1}},"line":6},"1":{"name":"(anonymous_1)","decl":{"start":{"line":11,"column":20},"end":{"line":11,"column":21}},"loc":{"start":{"line":11,"column":26},"end":{"line":13,"column":3}},"line":11}},"branchMap":{},"s":{"0":11,"1":11,"2":11,"3":11,"4":1,"5":1,"6":1,"7":1,"8":1,"9":11},"f":{"0":1,"1":1},"b":{},"_coverageSchema":"1a1c01bbd47fc00a2c39e90264f33305004495a9","hash":"1e692a0f78366647f85afce1a89b1cf1951629e1"}
,"/home/woomin/pro/facebook/api/service/commentService.js": {"path":"/home/woomin/pro/facebook/api/service/commentService.js","statementMap":{"0":{"start":{"line":1,"column":20},"end":{"line":1,"column":63}},"1":{"start":{"line":3,"column":23},"end":{"line":19,"column":1}},"2":{"start":{"line":5,"column":4},"end":{"line":5,"column":46}},"3":{"start":{"line":9,"column":4},"end":{"line":9,"column":103}},"4":{"start":{"line":13,"column":4},"end":{"line":13,"column":53}},"5":{"start":{"line":17,"column":4},"end":{"line":17,"column":98}},"6":{"start":{"line":21,"column":0},"end":{"line":21,"column":32}}},"fnMap":{"0":{"name":"(anonymous_0)","decl":{"start":{"line":4,"column":2},"end":{"line":4,"column":3}},"loc":{"start":{"line":4,"column":25},"end":{"line":6,"column":3}},"line":4},"1":{"name":"(anonymous_1)","decl":{"start":{"line":8,"column":2},"end":{"line":8,"column":3}},"loc":{"start":{"line":8,"column":82},"end":{"line":10,"column":3}},"line":8},"2":{"name":"(anonymous_2)","decl":{"start":{"line":12,"column":2},"end":{"line":12,"column":3}},"loc":{"start":{"line":12,"column":32},"end":{"line":14,"column":3}},"line":12},"3":{"name":"(anonymous_3)","decl":{"start":{"line":16,"column":2},"end":{"line":16,"column":3}},"loc":{"start":{"line":16,"column":77},"end":{"line":18,"column":3}},"line":16}},"branchMap":{},"s":{"0":12,"1":12,"2":6,"3":3,"4":3,"5":3,"6":12},"f":{"0":6,"1":3,"2":3,"3":3},"b":{},"_coverageSchema":"1a1c01bbd47fc00a2c39e90264f33305004495a9","hash":"80c3a83ac77edbd0cd5d605fa7531dd9bba6b114"}
,"/home/woomin/pro/facebook/api/service/postService.js": {"path":"/home/woomin/pro/facebook/api/service/postService.js","statementMap":{"0":{"start":{"line":1,"column":17},"end":{"line":1,"column":57}},"1":{"start":{"line":3,"column":20},"end":{"line":27,"column":1}},"2":{"start":{"line":5,"column":4},"end":{"line":5,"column":40}},"3":{"start":{"line":9,"column":4},"end":{"line":9,"column":54}},"4":{"start":{"line":13,"column":4},"end":{"line":13,"column":48}},"5":{"start":{"line":17,"column":4},"end":{"line":17,"column":63}},"6":{"start":{"line":21,"column":4},"end":{"line":21,"column":50}},"7":{"start":{"line":25,"column":4},"end":{"line":25,"column":54}},"8":{"start":{"line":29,"column":0},"end":{"line":29,"column":29}}},"fnMap":{"0":{"name":"(anonymous_0)","decl":{"start":{"line":4,"column":2},"end":{"line":4,"column":3}},"loc":{"start":{"line":4,"column":22},"end":{"line":6,"column":3}},"line":4},"1":{"name":"(anonymous_1)","decl":{"start":{"line":8,"column":2},"end":{"line":8,"column":3}},"loc":{"start":{"line":8,"column":36},"end":{"line":10,"column":3}},"line":8},"2":{"name":"(anonymous_2)","decl":{"start":{"line":12,"column":2},"end":{"line":12,"column":3}},"loc":{"start":{"line":12,"column":30},"end":{"line":14,"column":3}},"line":12},"3":{"name":"(anonymous_3)","decl":{"start":{"line":16,"column":2},"end":{"line":16,"column":3}},"loc":{"start":{"line":16,"column":45},"end":{"line":18,"column":3}},"line":16},"4":{"name":"(anonymous_4)","decl":{"start":{"line":20,"column":2},"end":{"line":20,"column":3}},"loc":{"start":{"line":20,"column":32},"end":{"line":22,"column":3}},"line":20},"5":{"name":"(anonymous_5)","decl":{"start":{"line":24,"column":2},"end":{"line":24,"column":3}},"loc":{"start":{"line":24,"column":36},"end":{"line":26,"column":3}},"line":24}},"branchMap":{},"s":{"0":12,"1":12,"2":10,"3":3,"4":4,"5":4,"6":2,"7":2,"8":12},"f":{"0":10,"1":3,"2":4,"3":4,"4":2,"5":2},"b":{},"_coverageSchema":"1a1c01bbd47fc00a2c39e90264f33305004495a9","hash":"7bb04c916d980a4b80fe7baca0d4179aa3e28055"}
,"/home/woomin/pro/facebook/api/service/userService.js": {"path":"/home/woomin/pro/facebook/api/service/userService.js","statementMap":{"0":{"start":{"line":1,"column":17},"end":{"line":1,"column":57}},"1":{"start":{"line":3,"column":20},"end":{"line":35,"column":1}},"2":{"start":{"line":5,"column":4},"end":{"line":5,"column":40}},"3":{"start":{"line":9,"column":4},"end":{"line":9,"column":50}},"4":{"start":{"line":13,"column":4},"end":{"line":13,"column":63}},"5":{"start":{"line":17,"column":4},"end":{"line":17,"column":45}},"6":{"start":{"line":21,"column":4},"end":{"line":21,"column":46}},"7":{"start":{"line":25,"column":4},"end":{"line":25,"column":53}},"8":{"start":{"line":29,"column":4},"end":{"line":29,"column":54}},"9":{"start":{"line":33,"column":4},"end":{"line":33,"column":57}},"10":{"start":{"line":37,"column":0},"end":{"line":37,"column":29}}},"fnMap":{"0":{"name":"(anonymous_0)","decl":{"start":{"line":4,"column":2},"end":{"line":4,"column":3}},"loc":{"start":{"line":4,"column":22},"end":{"line":6,"column":3}},"line":4},"1":{"name":"(anonymous_1)","decl":{"start":{"line":8,"column":2},"end":{"line":8,"column":3}},"loc":{"start":{"line":8,"column":32},"end":{"line":10,"column":3}},"line":8},"2":{"name":"(anonymous_2)","decl":{"start":{"line":12,"column":2},"end":{"line":12,"column":3}},"loc":{"start":{"line":12,"column":45},"end":{"line":14,"column":3}},"line":12},"3":{"name":"(anonymous_3)","decl":{"start":{"line":16,"column":2},"end":{"line":16,"column":3}},"loc":{"start":{"line":16,"column":27},"end":{"line":18,"column":3}},"line":16},"4":{"name":"(anonymous_4)","decl":{"start":{"line":20,"column":2},"end":{"line":20,"column":3}},"loc":{"start":{"line":20,"column":28},"end":{"line":22,"column":3}},"line":20},"5":{"name":"(anonymous_5)","decl":{"start":{"line":24,"column":2},"end":{"line":24,"column":3}},"loc":{"start":{"line":24,"column":35},"end":{"line":26,"column":3}},"line":24},"6":{"name":"(anonymous_6)","decl":{"start":{"line":28,"column":2},"end":{"line":28,"column":3}},"loc":{"start":{"line":28,"column":36},"end":{"line":30,"column":3}},"line":28},"7":{"name":"(anonymous_7)","decl":{"start":{"line":32,"column":2},"end":{"line":32,"column":3}},"loc":{"start":{"line":32,"column":39},"end":{"line":34,"column":3}},"line":32}},"branchMap":{},"s":{"0":12,"1":12,"2":6,"3":3,"4":3,"5":3,"6":8,"7":10,"8":3,"9":3,"10":12},"f":{"0":6,"1":3,"2":3,"3":3,"4":8,"5":10,"6":3,"7":3},"b":{},"_coverageSchema":"1a1c01bbd47fc00a2c39e90264f33305004495a9","hash":"0db6ec92fa102bba35df8f9e4effae827bc8ac20"}
,"/home/woomin/pro/facebook/api/utils/methods.js": {"path":"/home/woomin/pro/facebook/api/utils/methods.js","statementMap":{"0":{"start":{"line":1,"column":12},"end":{"line":1,"column":36}},"1":{"start":{"line":3,"column":16},"end":{"line":17,"column":1}},"2":{"start":{"line":5,"column":4},"end":{"line":5,"column":26}},"3":{"start":{"line":9,"column":4},"end":{"line":12,"column":6}},"4":{"start":{"line":14,"column":17},"end":{"line":14,"column":33}},"5":{"start":{"line":15,"column":4},"end":{"line":15,"column":22}},"6":{"start":{"line":19,"column":0},"end":{"line":19,"column":25}}},"fnMap":{"0":{"name":"(anonymous_0)","decl":{"start":{"line":4,"column":2},"end":{"line":4,"column":3}},"loc":{"start":{"line":4,"column":26},"end":{"line":6,"column":3}},"line":4},"1":{"name":"(anonymous_1)","decl":{"start":{"line":8,"column":2},"end":{"line":8,"column":3}},"loc":{"start":{"line":8,"column":17},"end":{"line":16,"column":3}},"line":8}},"branchMap":{},"s":{"0":15,"1":15,"2":9,"3":1,"4":1,"5":1,"6":15},"f":{"0":9,"1":1},"b":{},"_coverageSchema":"1a1c01bbd47fc00a2c39e90264f33305004495a9","hash":"f1cd04247ff6f3faacc96d94936af9b74af451c1"}
,"/home/woomin/pro/facebook/api/utils/socket.js": {"path":"/home/woomin/pro/facebook/api/utils/socket.js","statementMap":{"0":{"start":{"line":1,"column":22},"end":{"line":1,"column":24}},"1":{"start":{"line":3,"column":15},"end":{"line":23,"column":1}},"2":{"start":{"line":5,"column":4},"end":{"line":5,"column":57}},"3":{"start":{"line":9,"column":18},"end":{"line":9,"column":66}},"4":{"start":{"line":9,"column":52},"end":{"line":9,"column":65}},"5":{"start":{"line":10,"column":4},"end":{"line":10,"column":35}},"6":{"start":{"line":14,"column":18},"end":{"line":15,"column":40}},"7":{"start":{"line":15,"column":26},"end":{"line":15,"column":39}},"8":{"start":{"line":17,"column":4},"end":{"line":19,"column":5}},"9":{"start":{"line":18,"column":6},"end":{"line":18,"column":18}},"10":{"start":{"line":21,"column":4},"end":{"line":21,"column":39}},"11":{"start":{"line":25,"column":0},"end":{"line":25,"column":24}},"12":{"start":{"line":26,"column":0},"end":{"line":26,"column":38}}},"fnMap":{"0":{"name":"(anonymous_0)","decl":{"start":{"line":4,"column":2},"end":{"line":4,"column":3}},"loc":{"start":{"line":4,"column":35},"end":{"line":6,"column":3}},"line":4},"1":{"name":"(anonymous_1)","decl":{"start":{"line":8,"column":2},"end":{"line":8,"column":3}},"loc":{"start":{"line":8,"column":27},"end":{"line":11,"column":3}},"line":8},"2":{"name":"(anonymous_2)","decl":{"start":{"line":9,"column":42},"end":{"line":9,"column":43}},"loc":{"start":{"line":9,"column":52},"end":{"line":9,"column":65}},"line":9},"3":{"name":"(anonymous_3)","decl":{"start":{"line":13,"column":2},"end":{"line":13,"column":3}},"loc":{"start":{"line":13,"column":23},"end":{"line":22,"column":3}},"line":13},"4":{"name":"(anonymous_4)","decl":{"start":{"line":15,"column":17},"end":{"line":15,"column":18}},"loc":{"start":{"line":15,"column":26},"end":{"line":15,"column":39}},"line":15}},"branchMap":{"0":{"loc":{"start":{"line":17,"column":4},"end":{"line":19,"column":5}},"type":"if","locations":[{"start":{"line":17,"column":4},"end":{"line":19,"column":5}},{"start":{"line":17,"column":4},"end":{"line":19,"column":5}}],"line":17}},"s":{"0":12,"1":12,"2":7,"3":3,"4":11,"5":3,"6":4,"7":5,"8":4,"9":2,"10":2,"11":12,"12":12},"f":{"0":7,"1":3,"2":11,"3":4,"4":5},"b":{"0":[2,2]},"_coverageSchema":"1a1c01bbd47fc00a2c39e90264f33305004495a9","hash":"3d569a7e2a22a34eee795540454b06bb91307157"}
}
