TN:
SF:app.js
FN:29,(anonymous_0)
FNF:1
FNH:1
FNDA:18,(anonymous_0)
DA:1,11
DA:2,11
DA:3,11
DA:4,11
DA:6,11
DA:8,11
DA:9,11
DA:10,11
DA:11,11
DA:18,11
DA:19,11
DA:20,11
DA:21,11
DA:22,11
DA:23,11
DA:24,11
DA:25,11
DA:26,11
DA:27,11
DA:28,11
DA:29,11
DA:30,18
DA:31,18
DA:34,11
LF:24
LH:24
BRF:0
BRH:0
end_of_record
TN:
SF:middleware/validate.js
FN:1,(anonymous_0)
FN:2,(anonymous_1)
FNF:2
FNH:2
FNDA:33,(anonymous_0)
FNDA:9,(anonymous_1)
DA:1,11
DA:2,33
DA:3,9
DA:4,9
DA:5,3
DA:6,3
DA:8,6
DA:12,11
LF:8
LH:8
BRDA:4,0,0,3
BRDA:4,0,1,6
BRF:2
BRH:2
end_of_record
TN:
SF:middleware/validateSession.js
FN:3,(anonymous_0)
FNF:1
FNH:1
FNDA:3,(anonymous_0)
DA:1,11
DA:3,11
DA:4,3
DA:8,3
DA:11,11
LF:5
LH:5
BRF:0
BRH:0
end_of_record
TN:
SF:middleware/wrapAsync.js
FN:1,(anonymous_0)
FN:2,(anonymous_1)
FNF:2
FNH:2
FNDA:209,(anonymous_0)
FNDA:44,(anonymous_1)
DA:1,11
DA:2,209
DA:3,44
DA:7,11
LF:4
LH:4
BRF:0
BRH:0
end_of_record
TN:
SF:models/comment.js
FNF:0
FNH:0
DA:1,12
DA:2,12
DA:4,12
DA:15,12
LF:4
LH:4
BRF:0
BRH:0
end_of_record
TN:
SF:models/key.js
FNF:0
FNH:0
DA:1,15
DA:2,15
DA:4,15
DA:8,15
LF:4
LH:4
BRF:0
BRH:0
end_of_record
TN:
SF:models/post.js
FN:21,(anonymous_0)
FNF:1
FNH:1
FNDA:5,(anonymous_0)
DA:1,13
DA:2,13
DA:3,13
DA:5,13
DA:19,13
DA:21,13
DA:22,5
DA:28,5
DA:31,13
DA:32,13
LF:10
LH:10
BRF:0
BRH:0
end_of_record
TN:
SF:models/test_db.js
FN:8,(anonymous_0)
FNF:1
FNH:1
FNDA:10,(anonymous_0)
DA:1,10
DA:2,10
DA:4,10
DA:6,10
DA:7,10
DA:8,10
DA:9,10
DA:12,10
DA:17,10
LF:9
LH:9
BRF:0
BRH:0
end_of_record
TN:
SF:models/user.js
FN:19,(anonymous_0)
FNF:1
FNH:1
FNDA:5,(anonymous_0)
DA:1,13
DA:2,13
DA:3,13
DA:5,13
DA:17,13
DA:19,13
DA:20,5
DA:30,5
DA:33,13
DA:34,13
LF:10
LH:10
BRF:0
BRH:0
end_of_record
TN:
SF:repository/comment.repository.js
FN:6,(anonymous_0)
FN:10,(anonymous_1)
FN:24,(anonymous_2)
FN:31,(anonymous_3)
FNF:4
FNH:4
FNDA:4,(anonymous_0)
FNDA:1,(anonymous_1)
FNDA:1,(anonymous_2)
FNDA:1,(anonymous_3)
DA:1,12
DA:2,12
DA:3,12
DA:5,12
DA:7,4
DA:11,1
DA:12,1
DA:25,1
DA:32,1
DA:45,12
LF:10
LH:10
BRF:0
BRH:0
end_of_record
TN:
SF:repository/post.repository.js
FN:6,(anonymous_0)
FN:10,(anonymous_1)
FN:29,(anonymous_2)
FN:33,(anonymous_3)
FN:40,(anonymous_4)
FN:47,(anonymous_5)
FNF:6
FNH:6
FNDA:8,(anonymous_0)
FNDA:1,(anonymous_1)
FNDA:2,(anonymous_2)
FNDA:2,(anonymous_3)
FNDA:1,(anonymous_4)
FNDA:1,(anonymous_5)
DA:1,12
DA:2,12
DA:3,12
DA:5,12
DA:7,8
DA:11,1
DA:13,1
DA:14,1
DA:30,2
DA:34,2
DA:41,1
DA:48,1
DA:55,12
LF:13
LH:13
BRF:0
BRH:0
end_of_record
TN:
SF:repository/user.repository.js
FN:5,(anonymous_0)
FN:9,(anonymous_1)
FN:17,(anonymous_2)
FN:24,(anonymous_3)
FN:28,(anonymous_4)
FN:32,(anonymous_5)
FN:39,(anonymous_6)
FN:46,(anonymous_7)
FNF:8
FNH:8
FNDA:4,(anonymous_0)
FNDA:1,(anonymous_1)
FNDA:1,(anonymous_2)
FNDA:1,(anonymous_3)
FNDA:7,(anonymous_4)
FNDA:3,(anonymous_5)
FNDA:1,(anonymous_6)
FNDA:1,(anonymous_7)
DA:1,12
DA:2,12
DA:4,12
DA:6,4
DA:10,1
DA:12,1
DA:18,1
DA:25,1
DA:29,7
DA:33,3
DA:40,1
DA:47,1
DA:54,12
LF:13
LH:13
BRF:0
BRH:0
end_of_record
TN:
SF:routes/childcomments.js
FN:7,(anonymous_0)
FNF:1
FNH:1
FNDA:2,(anonymous_0)
DA:1,11
DA:2,11
DA:3,11
DA:4,11
DA:7,11
DA:8,2
DA:10,2
DA:12,1
DA:14,1
DA:17,11
LF:10
LH:10
BRF:0
BRH:0
end_of_record
TN:
SF:routes/commentlike.js
FN:7,(anonymous_0)
FNF:1
FNH:1
FNDA:2,(anonymous_0)
DA:1,11
DA:2,11
DA:3,11
DA:4,11
DA:7,11
DA:8,2
DA:10,2
DA:11,1
DA:13,1
DA:16,11
LF:10
LH:10
BRF:0
BRH:0
end_of_record
TN:
SF:routes/comments.js
FN:8,(anonymous_0)
FN:15,(anonymous_1)
FN:25,(anonymous_2)
FNF:3
FNH:3
FNDA:2,(anonymous_0)
FNDA:2,(anonymous_1)
FNDA:2,(anonymous_2)
DA:1,11
DA:2,11
DA:3,11
DA:4,11
DA:5,11
DA:8,11
DA:9,2
DA:11,1
DA:15,11
DA:16,2
DA:18,2
DA:19,1
DA:21,1
DA:25,11
DA:26,2
DA:28,2
DA:29,1
DA:31,1
DA:34,11
LF:19
LH:19
BRF:0
BRH:0
end_of_record
TN:
SF:routes/friends.js
FN:7,(anonymous_0)
FN:17,(anonymous_1)
FNF:2
FNH:2
FNDA:2,(anonymous_0)
FNDA:2,(anonymous_1)
DA:1,11
DA:2,11
DA:3,11
DA:4,11
DA:7,11
DA:8,2
DA:10,2
DA:11,1
DA:13,1
DA:17,11
DA:18,2
DA:20,2
DA:21,1
DA:23,1
DA:26,11
LF:15
LH:15
BRF:0
BRH:0
end_of_record
TN:
SF:routes/like.js
FN:7,(anonymous_0)
FNF:1
FNH:1
FNDA:2,(anonymous_0)
DA:1,11
DA:2,11
DA:3,11
DA:4,11
DA:7,11
DA:8,2
DA:10,2
DA:11,1
DA:13,1
DA:16,11
LF:10
LH:10
BRF:0
BRH:0
end_of_record
TN:
SF:routes/login.js
FN:9,(anonymous_0)
FN:16,(anonymous_1)
FNF:2
FNH:2
FNDA:2,(anonymous_0)
FNDA:2,(anonymous_1)
DA:1,11
DA:2,11
DA:3,11
DA:4,11
DA:5,11
DA:6,11
DA:9,11
DA:10,2
DA:12,1
DA:16,11
DA:17,2
DA:19,1
DA:22,11
LF:13
LH:13
BRF:0
BRH:0
end_of_record
TN:
SF:routes/posts.js
FN:9,(anonymous_0)
FN:16,(anonymous_1)
FN:24,(anonymous_2)
FN:34,(anonymous_3)
FNF:4
FNH:4
FNDA:2,(anonymous_0)
FNDA:2,(anonymous_1)
FNDA:3,(anonymous_2)
FNDA:3,(anonymous_3)
DA:1,11
DA:2,11
DA:3,11
DA:4,11
DA:5,11
DA:6,11
DA:9,11
DA:10,2
DA:12,1
DA:16,11
DA:17,2
DA:18,1
DA:20,1
DA:24,11
DA:25,3
DA:27,3
DA:28,2
DA:30,2
DA:34,11
DA:35,3
DA:37,3
DA:38,2
DA:40,2
DA:43,11
LF:24
LH:24
BRF:0
BRH:0
end_of_record
TN:
SF:routes/profile.js
FN:7,(anonymous_0)
FNF:1
FNH:1
FNDA:2,(anonymous_0)
DA:1,11
DA:2,11
DA:3,11
DA:4,11
DA:7,11
DA:8,2
DA:10,2
DA:11,1
DA:13,1
DA:16,11
LF:10
LH:10
BRF:0
BRH:0
end_of_record
TN:
SF:routes/session.js
FN:11,(anonymous_0)
FN:18,(anonymous_1)
FN:38,(anonymous_2)
FNF:3
FNH:3
FNDA:2,(anonymous_0)
FNDA:7,(anonymous_1)
FNDA:2,(anonymous_2)
DA:1,11
DA:2,11
DA:3,11
DA:4,11
DA:5,11
DA:6,11
DA:7,11
DA:8,11
DA:11,11
DA:12,2
DA:14,1
DA:18,11
DA:19,7
DA:21,7
DA:23,7
DA:24,1
DA:25,1
DA:28,6
DA:30,6
DA:32,5
DA:34,5
DA:38,11
DA:39,2
DA:41,2
DA:42,2
DA:43,1
DA:45,1
DA:48,11
LF:28
LH:28
BRDA:23,0,0,1
BRDA:23,0,1,6
BRF:2
BRH:2
end_of_record
TN:
SF:routes/socket.js
FN:6,(anonymous_0)
FNF:1
FNH:1
FNDA:2,(anonymous_0)
DA:1,11
DA:2,11
DA:3,11
DA:6,11
DA:7,2
DA:8,2
DA:10,2
DA:11,1
DA:12,1
DA:15,1
DA:18,11
LF:11
LH:11
BRDA:10,0,0,1
BRDA:10,0,1,1
BRF:2
BRH:2
end_of_record
TN:
SF:routes/upload.js
FN:7,(anonymous_0)
FN:12,(anonymous_1)
FNF:2
FNH:2
FNDA:1,(anonymous_0)
FNDA:1,(anonymous_1)
DA:1,11
DA:2,11
DA:3,11
DA:4,11
DA:7,11
DA:8,1
DA:9,1
DA:10,1
DA:12,1
DA:13,1
DA:17,11
LF:11
LH:11
BRF:0
BRH:0
end_of_record
TN:
SF:service/commentService.js
FN:5,(anonymous_0)
FN:9,(anonymous_1)
FN:13,(anonymous_2)
FN:17,(anonymous_3)
FNF:4
FNH:4
FNDA:6,(anonymous_0)
FNDA:3,(anonymous_1)
FNDA:3,(anonymous_2)
FNDA:3,(anonymous_3)
DA:1,12
DA:2,12
DA:4,12
DA:6,6
DA:10,3
DA:14,3
DA:18,3
DA:22,12
LF:8
LH:8
BRF:0
BRH:0
end_of_record
TN:
SF:service/postService.js
FN:5,(anonymous_0)
FN:9,(anonymous_1)
FN:13,(anonymous_2)
FN:17,(anonymous_3)
FN:21,(anonymous_4)
FN:25,(anonymous_5)
FNF:6
FNH:6
FNDA:10,(anonymous_0)
FNDA:3,(anonymous_1)
FNDA:4,(anonymous_2)
FNDA:4,(anonymous_3)
FNDA:2,(anonymous_4)
FNDA:2,(anonymous_5)
DA:1,12
DA:2,12
DA:4,12
DA:6,10
DA:10,3
DA:14,4
DA:18,4
DA:22,2
DA:26,2
DA:30,12
LF:10
LH:10
BRF:0
BRH:0
end_of_record
TN:
SF:service/userService.js
FN:5,(anonymous_0)
FN:9,(anonymous_1)
FN:13,(anonymous_2)
FN:17,(anonymous_3)
FN:21,(anonymous_4)
FN:25,(anonymous_5)
FN:29,(anonymous_6)
FN:33,(anonymous_7)
FNF:8
FNH:8
FNDA:6,(anonymous_0)
FNDA:3,(anonymous_1)
FNDA:3,(anonymous_2)
FNDA:3,(anonymous_3)
FNDA:8,(anonymous_4)
FNDA:10,(anonymous_5)
FNDA:3,(anonymous_6)
FNDA:3,(anonymous_7)
DA:1,12
DA:2,12
DA:4,12
DA:6,6
DA:10,3
DA:14,3
DA:18,3
DA:22,8
DA:26,10
DA:30,3
DA:34,3
DA:38,12
LF:12
LH:12
BRF:0
BRH:0
end_of_record
TN:
SF:utils/methods.js
FN:4,(anonymous_0)
FN:8,(anonymous_1)
FNF:2
FNH:2
FNDA:9,(anonymous_0)
FNDA:1,(anonymous_1)
DA:1,15
DA:3,15
DA:5,9
DA:9,1
DA:14,1
DA:15,1
DA:19,15
LF:7
LH:7
BRF:0
BRH:0
end_of_record
TN:
SF:utils/socket.js
FN:4,(anonymous_0)
FN:8,(anonymous_1)
FN:9,(anonymous_2)
FN:13,(anonymous_3)
FN:15,(anonymous_4)
FNF:5
FNH:5
FNDA:7,(anonymous_0)
FNDA:3,(anonymous_1)
FNDA:11,(anonymous_2)
FNDA:4,(anonymous_3)
FNDA:5,(anonymous_4)
DA:1,12
DA:3,12
DA:5,7
DA:9,11
DA:10,3
DA:14,4
DA:15,5
DA:17,4
DA:18,2
DA:21,2
DA:25,12
DA:26,12
LF:12
LH:12
BRDA:17,0,0,2
BRDA:17,0,1,2
BRF:2
BRH:2
end_of_record
