TN:
SF:index.js
FN:38,(anonymous_0)
FNF:1
FNH:0
FNDA:0,(anonymous_0)
DA:1,11
DA:2,11
DA:3,11
DA:4,11
DA:5,11
DA:6,11
DA:8,11
DA:9,11
DA:11,11
DA:13,11
DA:14,11
DA:15,11
DA:16,11
DA:23,11
DA:25,11
DA:26,11
DA:27,11
DA:28,11
DA:29,11
DA:30,11
DA:31,11
DA:32,11
DA:33,11
DA:34,11
DA:35,11
DA:37,11
DA:38,0
DA:39,0
DA:43,11
LF:29
LH:27
BRDA:37,0,0,0
BRDA:37,0,1,11
BRF:2
BRH:1
end_of_record
TN:
SF:middleware/validate.js
FN:1,(anonymous_0)
FN:2,(anonymous_1)
FNF:2
FNH:2
FNDA:33,(anonymous_0)
FNDA:9,(anonymous_1)
DA:1,11
DA:2,33
DA:3,9
DA:4,9
DA:5,3
DA:6,3
DA:8,6
DA:12,11
LF:8
LH:8
BRDA:4,0,0,3
BRDA:4,0,1,6
BRF:2
BRH:2
end_of_record
TN:
SF:middleware/validateSession.js
FN:3,(anonymous_0)
FNF:1
FNH:1
FNDA:3,(anonymous_0)
DA:1,11
DA:3,11
DA:4,3
DA:8,3
DA:11,11
LF:5
LH:5
BRF:0
BRH:0
end_of_record
TN:
SF:models/comment.js
FNF:0
FNH:0
DA:1,12
DA:2,12
DA:4,12
DA:15,12
LF:4
LH:4
BRF:0
BRH:0
end_of_record
TN:
SF:models/index.js
FN:12,(anonymous_0)
FNF:1
FNH:1
FNDA:12,(anonymous_0)
DA:1,12
DA:2,12
DA:4,12
DA:6,12
DA:10,12
DA:11,12
DA:12,12
DA:13,12
DA:16,12
DA:21,12
LF:10
LH:10
BRDA:6,0,0,12
BRDA:6,0,1,0
BRF:2
BRH:1
end_of_record
TN:
SF:models/key.js
FNF:0
FNH:0
DA:1,15
DA:2,15
DA:4,15
DA:8,15
LF:4
LH:4
BRF:0
BRH:0
end_of_record
TN:
SF:models/post.js
FN:21,(anonymous_0)
FNF:1
FNH:1
FNDA:5,(anonymous_0)
DA:1,13
DA:2,13
DA:3,13
DA:5,13
DA:19,13
DA:21,13
DA:22,5
DA:28,5
DA:31,13
DA:32,13
LF:10
LH:10
BRF:0
BRH:0
end_of_record
TN:
SF:models/user.js
FN:19,(anonymous_0)
FNF:1
FNH:1
FNDA:5,(anonymous_0)
DA:1,13
DA:2,13
DA:3,13
DA:5,13
DA:17,13
DA:19,13
DA:20,5
DA:30,5
DA:33,13
DA:34,13
LF:10
LH:10
BRF:0
BRH:0
end_of_record
TN:
SF:repository/comment.repository.js
FN:5,(anonymous_0)
FN:9,(anonymous_1)
FN:23,(anonymous_2)
FN:30,(anonymous_3)
FNF:4
FNH:4
FNDA:4,(anonymous_0)
FNDA:1,(anonymous_1)
FNDA:1,(anonymous_2)
FNDA:1,(anonymous_3)
DA:1,12
DA:2,12
DA:4,12
DA:6,4
DA:10,1
DA:11,1
DA:24,1
DA:31,1
DA:44,12
LF:9
LH:9
BRF:0
BRH:0
end_of_record
TN:
SF:repository/post.repository.js
FN:5,(anonymous_0)
FN:9,(anonymous_1)
FN:28,(anonymous_2)
FN:32,(anonymous_3)
FN:39,(anonymous_4)
FN:46,(anonymous_5)
FNF:6
FNH:6
FNDA:8,(anonymous_0)
FNDA:1,(anonymous_1)
FNDA:2,(anonymous_2)
FNDA:2,(anonymous_3)
FNDA:1,(anonymous_4)
FNDA:1,(anonymous_5)
DA:1,12
DA:2,12
DA:4,12
DA:6,8
DA:10,1
DA:12,1
DA:13,1
DA:29,2
DA:33,2
DA:40,1
DA:47,1
DA:54,12
LF:12
LH:12
BRF:0
BRH:0
end_of_record
TN:
SF:repository/user.repository.js
FN:4,(anonymous_0)
FN:8,(anonymous_1)
FN:16,(anonymous_2)
FN:23,(anonymous_3)
FN:27,(anonymous_4)
FN:31,(anonymous_5)
FN:38,(anonymous_6)
FN:45,(anonymous_7)
FNF:8
FNH:8
FNDA:4,(anonymous_0)
FNDA:1,(anonymous_1)
FNDA:1,(anonymous_2)
FNDA:1,(anonymous_3)
FNDA:7,(anonymous_4)
FNDA:3,(anonymous_5)
FNDA:1,(anonymous_6)
FNDA:1,(anonymous_7)
DA:1,12
DA:3,12
DA:5,4
DA:9,1
DA:11,1
DA:17,1
DA:24,1
DA:28,7
DA:32,3
DA:39,1
DA:46,1
DA:53,12
LF:12
LH:12
BRF:0
BRH:0
end_of_record
TN:
SF:routes/childcomments.js
FN:6,(anonymous_0)
FNF:1
FNH:1
FNDA:2,(anonymous_0)
DA:1,11
DA:2,11
DA:3,11
DA:6,11
DA:7,2
DA:9,2
DA:10,2
DA:11,1
DA:12,1
DA:14,1
DA:15,1
DA:19,11
LF:12
LH:12
BRF:0
BRH:0
end_of_record
TN:
SF:routes/commentlike.js
FN:6,(anonymous_0)
FNF:1
FNH:1
FNDA:2,(anonymous_0)
DA:1,11
DA:2,11
DA:3,11
DA:6,11
DA:7,2
DA:9,2
DA:10,2
DA:11,1
DA:13,1
DA:15,1
DA:16,1
DA:20,11
LF:12
LH:12
BRF:0
BRH:0
end_of_record
TN:
SF:routes/comments.js
FN:7,(anonymous_0)
FN:18,(anonymous_1)
FN:32,(anonymous_2)
FNF:3
FNH:3
FNDA:2,(anonymous_0)
FNDA:2,(anonymous_1)
FNDA:2,(anonymous_2)
DA:1,11
DA:2,11
DA:3,11
DA:4,11
DA:7,11
DA:8,2
DA:9,2
DA:10,1
DA:12,1
DA:13,1
DA:18,11
DA:19,2
DA:21,2
DA:22,2
DA:23,1
DA:24,1
DA:26,1
DA:27,1
DA:32,11
DA:33,2
DA:35,2
DA:36,2
DA:37,1
DA:38,1
DA:40,1
DA:41,1
DA:45,11
LF:27
LH:27
BRF:0
BRH:0
end_of_record
TN:
SF:routes/friends.js
FN:6,(anonymous_0)
FN:20,(anonymous_1)
FNF:2
FNH:2
FNDA:2,(anonymous_0)
FNDA:2,(anonymous_1)
DA:1,11
DA:2,11
DA:3,11
DA:6,11
DA:7,2
DA:9,2
DA:10,2
DA:11,1
DA:12,1
DA:14,1
DA:15,1
DA:20,11
DA:21,2
DA:23,2
DA:24,2
DA:25,1
DA:26,1
DA:28,1
DA:29,1
DA:33,11
LF:20
LH:20
BRF:0
BRH:0
end_of_record
TN:
SF:routes/like.js
FN:6,(anonymous_0)
FNF:1
FNH:1
FNDA:2,(anonymous_0)
DA:1,11
DA:2,11
DA:3,11
DA:6,11
DA:7,2
DA:9,2
DA:10,2
DA:11,1
DA:12,1
DA:14,1
DA:15,1
DA:19,11
LF:12
LH:12
BRF:0
BRH:0
end_of_record
TN:
SF:routes/login.js
FN:8,(anonymous_0)
FN:19,(anonymous_1)
FNF:2
FNH:2
FNDA:2,(anonymous_0)
FNDA:2,(anonymous_1)
DA:1,11
DA:2,11
DA:3,11
DA:4,11
DA:5,11
DA:8,11
DA:9,2
DA:10,2
DA:11,1
DA:13,1
DA:14,1
DA:19,11
DA:20,2
DA:21,2
DA:22,1
DA:24,1
DA:25,1
DA:29,11
LF:18
LH:18
BRF:0
BRH:0
end_of_record
TN:
SF:routes/posts.js
FN:8,(anonymous_0)
FN:19,(anonymous_1)
FN:33,(anonymous_2)
FN:47,(anonymous_3)
FNF:4
FNH:4
FNDA:2,(anonymous_0)
FNDA:2,(anonymous_1)
FNDA:3,(anonymous_2)
FNDA:3,(anonymous_3)
DA:1,11
DA:2,11
DA:3,11
DA:4,11
DA:5,11
DA:8,11
DA:9,2
DA:10,2
DA:11,1
DA:13,1
DA:14,1
DA:19,11
DA:20,2
DA:21,2
DA:22,1
DA:24,1
DA:26,1
DA:28,1
DA:33,11
DA:34,3
DA:36,3
DA:37,3
DA:38,2
DA:39,2
DA:41,1
DA:42,1
DA:47,11
DA:48,3
DA:50,3
DA:51,3
DA:52,2
DA:53,2
DA:55,1
DA:56,1
DA:60,11
LF:35
LH:35
BRF:0
BRH:0
end_of_record
TN:
SF:routes/profile.js
FN:6,(anonymous_0)
FNF:1
FNH:1
FNDA:2,(anonymous_0)
DA:1,11
DA:2,11
DA:3,11
DA:6,11
DA:7,2
DA:8,2
DA:10,2
DA:11,1
DA:12,1
DA:14,1
DA:15,1
DA:19,11
LF:12
LH:12
BRF:0
BRH:0
end_of_record
TN:
SF:routes/session.js
FN:10,(anonymous_0)
FN:23,(anonymous_1)
FN:48,(anonymous_2)
FNF:3
FNH:3
FNDA:2,(anonymous_0)
FNDA:7,(anonymous_1)
FNDA:2,(anonymous_2)
DA:1,11
DA:2,11
DA:3,11
DA:4,11
DA:5,11
DA:6,11
DA:7,11
DA:10,11
DA:11,2
DA:12,2
DA:14,1
DA:16,1
DA:18,1
DA:23,11
DA:24,7
DA:26,7
DA:27,7
DA:29,7
DA:30,1
DA:31,1
DA:34,6
DA:36,6
DA:38,5
DA:39,5
DA:41,1
DA:43,1
DA:48,11
DA:49,2
DA:51,2
DA:52,2
DA:53,2
DA:54,1
DA:56,1
DA:58,1
DA:60,1
DA:64,11
LF:36
LH:36
BRDA:29,0,0,1
BRDA:29,0,1,6
BRF:2
BRH:2
end_of_record
TN:
SF:routes/socket.js
FN:6,(anonymous_0)
FNF:1
FNH:1
FNDA:2,(anonymous_0)
DA:1,11
DA:2,11
DA:3,11
DA:6,11
DA:7,2
DA:8,2
DA:10,2
DA:11,1
DA:12,1
DA:15,1
DA:18,11
LF:11
LH:11
BRDA:10,0,0,1
BRDA:10,0,1,1
BRF:2
BRH:2
end_of_record
TN:
SF:routes/upload.js
FN:6,(anonymous_0)
FN:11,(anonymous_1)
FNF:2
FNH:2
FNDA:1,(anonymous_0)
FNDA:1,(anonymous_1)
DA:1,11
DA:2,11
DA:3,11
DA:6,11
DA:7,1
DA:8,1
DA:9,1
DA:11,1
DA:12,1
DA:16,11
LF:10
LH:10
BRF:0
BRH:0
end_of_record
TN:
SF:service/commentService.js
FN:4,(anonymous_0)
FN:8,(anonymous_1)
FN:12,(anonymous_2)
FN:16,(anonymous_3)
FNF:4
FNH:4
FNDA:6,(anonymous_0)
FNDA:3,(anonymous_1)
FNDA:3,(anonymous_2)
FNDA:3,(anonymous_3)
DA:1,12
DA:3,12
DA:5,6
DA:9,3
DA:13,3
DA:17,3
DA:21,12
LF:7
LH:7
BRF:0
BRH:0
end_of_record
TN:
SF:service/postService.js
FN:4,(anonymous_0)
FN:8,(anonymous_1)
FN:12,(anonymous_2)
FN:16,(anonymous_3)
FN:20,(anonymous_4)
FN:24,(anonymous_5)
FNF:6
FNH:6
FNDA:10,(anonymous_0)
FNDA:3,(anonymous_1)
FNDA:4,(anonymous_2)
FNDA:4,(anonymous_3)
FNDA:2,(anonymous_4)
FNDA:2,(anonymous_5)
DA:1,12
DA:3,12
DA:5,10
DA:9,3
DA:13,4
DA:17,4
DA:21,2
DA:25,2
DA:29,12
LF:9
LH:9
BRF:0
BRH:0
end_of_record
TN:
SF:service/userService.js
FN:4,(anonymous_0)
FN:8,(anonymous_1)
FN:12,(anonymous_2)
FN:16,(anonymous_3)
FN:20,(anonymous_4)
FN:24,(anonymous_5)
FN:28,(anonymous_6)
FN:32,(anonymous_7)
FNF:8
FNH:8
FNDA:6,(anonymous_0)
FNDA:3,(anonymous_1)
FNDA:3,(anonymous_2)
FNDA:3,(anonymous_3)
FNDA:8,(anonymous_4)
FNDA:10,(anonymous_5)
FNDA:3,(anonymous_6)
FNDA:3,(anonymous_7)
DA:1,12
DA:3,12
DA:5,6
DA:9,3
DA:13,3
DA:17,3
DA:21,8
DA:25,10
DA:29,3
DA:33,3
DA:37,12
LF:11
LH:11
BRF:0
BRH:0
end_of_record
TN:
SF:socketio/socketio.js
FN:8,(anonymous_0)
FN:9,(anonymous_1)
FN:17,(anonymous_2)
FNF:3
FNH:0
FNDA:0,(anonymous_0)
FNDA:0,(anonymous_1)
FNDA:0,(anonymous_2)
DA:1,11
DA:2,11
DA:3,11
DA:5,11
DA:6,11
DA:8,11
DA:9,0
DA:10,0
DA:12,0
DA:16,11
DA:17,0
DA:18,0
DA:21,11
LF:13
LH:8
BRDA:16,0,0,0
BRDA:16,0,1,11
BRF:2
BRH:1
end_of_record
TN:
SF:utils/methods.js
FN:4,(anonymous_0)
FN:8,(anonymous_1)
FNF:2
FNH:2
FNDA:9,(anonymous_0)
FNDA:1,(anonymous_1)
DA:1,15
DA:3,15
DA:5,9
DA:9,1
DA:14,1
DA:15,1
DA:19,15
LF:7
LH:7
BRF:0
BRH:0
end_of_record
TN:
SF:utils/socket.js
FN:4,(anonymous_0)
FN:8,(anonymous_1)
FN:9,(anonymous_2)
FN:13,(anonymous_3)
FN:15,(anonymous_4)
FNF:5
FNH:5
FNDA:7,(anonymous_0)
FNDA:3,(anonymous_1)
FNDA:11,(anonymous_2)
FNDA:4,(anonymous_3)
FNDA:5,(anonymous_4)
DA:1,12
DA:3,12
DA:5,7
DA:9,11
DA:10,3
DA:14,4
DA:15,5
DA:17,4
DA:18,2
DA:21,2
DA:25,12
DA:26,12
LF:12
LH:12
BRDA:17,0,0,2
BRDA:17,0,1,2
BRF:2
BRH:2
end_of_record
